::1 - - [15/Apr/2024:17:06:34 +0000] "GET / HTTP/1.1" 304 - "-" "Mozilla/5.0 (Windows NT 10.0; Win64; x64) AppleWebKit/537.36 (KHTML, like Gecko) Chrome/123.0.0.0 Safari/537.36"
::1 - - [15/Apr/2024:17:07:30 +0000] "POST /Admin/admin-login HTTP/1.1" 200 639 "-" "PostmanRuntime/7.37.3"
yyyy-04-Mo 22:44:38 POST /Admin/admin-login 200 68.653 ms
yyyy-04-Mo 22:47:53 POST /Admin/admin-login 200 61.765 ms
yyyy-04-Mo 22:49:09 POST /Admin/admin-login 200 62.294 ms
yyyy-04-Mo 22:50:35 POST /Admin/admin-login 200 60.719 ms
2024-04-Mo 22:51:44 POST /Admin/admin-login 200 60.995 ms
2024-04-Mo 22:58:39 POST /Admin/admin-login 200 62.998 ms
2024-04-Mo 22:59:51 POST /Admin/admin-login 200 61.688 ms
2024-04-Mo 23:02:18 POST /Admin/admin-login 200 62.370 ms
::1 - - [2024-04-Mo 23:07:31] "POST /Admin/admin-login HTTP/1.1" 200 639 "-" "PostmanRuntime/7.37.3"
::1 - - [2024-04-Mo 23:07:52] "GET / HTTP/1.1" 304 - "-" "Mozilla/5.0 (Windows NT 10.0; Win64; x64) AppleWebKit/537.36 (KHTML, like Gecko) Chrome/123.0.0.0 Safari/537.36"
::1 - - [2024-04-Mo 23:10:41] "POST /Admin/user-login HTTP/1.1" 200 639 "-" "PostmanRuntime/7.37.3"
::1 - - [2024-04-Mo 23:11:34] "POST /Admin/create-user HTTP/1.1" 500 146 "-" "PostmanRuntime/7.37.3"
::1 - - [2024-04-Mo 23:11:41] "POST /Admin/admin-login HTTP/1.1" 200 639 "-" "PostmanRuntime/7.37.3"
::1 - - [2024-04-Mo 23:12:07] "POST /Admin/create-user HTTP/1.1" 201 454 "-" "PostmanRuntime/7.37.3"
::1 - - [2024-04-Mo 23:12:31] "POST /Admin/user-login HTTP/1.1" 200 617 "-" "PostmanRuntime/7.37.3"
::1 - - [2024-04-Mo 23:13:28] "POST /Admin/user-login HTTP/1.1" 200 617 "-" "PostmanRuntime/7.37.3"
::1 - - [2024-04-Mo 23:14:00] "POST /Admin/user-login HTTP/1.1" 200 617 "-" "PostmanRuntime/7.37.3"
::1 - - [2024-04-Tu 11:57:39] "POST /Staff/user-login HTTP/1.1" 200 617 "-" "PostmanRuntime/7.37.3"
::1 - - [2024-04-Tu 11:57:46] "POST /Admin/user-login HTTP/1.1" 404 156 "-" "PostmanRuntime/7.37.3"
::1 - - [2024-04-Tu 11:57:52] "POST /Staff/user-login HTTP/1.1" 200 617 "-" "PostmanRuntime/7.37.3"
::1 - - [2024-04-Tu 12:26:49] "POST /Admin/create-expances/Staff_Id_1 HTTP/1.1" 404 172 "-" "PostmanRuntime/7.37.3"
::1 - - [2024-04-Tu 12:27:01] "POST /Staff/create-expances/Staff_Id_1 HTTP/1.1" 404 172 "-" "PostmanRuntime/7.37.3"
::1 - - [2024-04-Tu 12:27:46] "POST /Staff/create-expances/Staff_Id_1 HTTP/1.1" 500 146 "-" "PostmanRuntime/7.37.3"
::1 - - [2024-04-Tu 12:27:59] "POST /Staff/user-login HTTP/1.1" 200 617 "-" "PostmanRuntime/7.37.3"
::1 - - [2024-04-Tu 12:42:38] "POST /Staff/create-expances/Staff_Id_1 HTTP/1.1" 500 146 "-" "PostmanRuntime/7.37.3"
::1 - - [2024-04-Tu 12:42:40] "POST /Staff/create-expances/Staff_Id_1 HTTP/1.1" 500 146 "-" "PostmanRuntime/7.37.3"
::1 - - [2024-04-Tu 12:44:03] "POST /Staff/create-expances/Staff_Id_1 HTTP/1.1" 500 229 "-" "PostmanRuntime/7.37.3"
::1 - - [2024-04-Tu 12:45:38] "POST /Staff/create-expances/Staff_Id_1 HTTP/1.1" 500 229 "-" "PostmanRuntime/7.37.3"
::1 - - [2024-04-Tu 12:47:05] "POST /Staff/create-expances/Staff_Id_1 HTTP/1.1" 500 229 "-" "PostmanRuntime/7.37.3"
::1 - - [2024-04-Tu 12:47:32] "POST /Staff/create-expances/Staff_Id_1 HTTP/1.1" 500 229 "-" "PostmanRuntime/7.37.3"
::1 - - [2024-04-Tu 12:47:56] "POST /Staff/create-expances/Staff_Id_1 HTTP/1.1" 500 229 "-" "PostmanRuntime/7.37.3"
::1 - - [2024-04-Tu 12:49:12] "POST /Staff/user-login HTTP/1.1" 200 617 "-" "PostmanRuntime/7.37.3"
::1 - - [2024-04-Tu 12:49:32] "POST /Staff/create-expances/Staff_Id_1 HTTP/1.1" 500 229 "-" "PostmanRuntime/7.37.3"
::1 - - [2024-04-Tu 12:54:03] "POST /Staff/create-expances/Staff_Id_1 HTTP/1.1" 500 229 "-" "PostmanRuntime/7.37.3"
::1 - - [2024-04-Tu 12:55:07] "POST /Staff/user-login HTTP/1.1" 200 669 "-" "PostmanRuntime/7.37.3"
::1 - - [2024-04-Tu 12:55:25] "POST /Staff/create-expances/Staff_Id_1 HTTP/1.1" 500 229 "-" "PostmanRuntime/7.37.3"
::1 - - [2024-04-Tu 12:56:07] "POST /Staff/user-login HTTP/1.1" 200 674 "-" "PostmanRuntime/7.37.3"
::1 - - [2024-04-Tu 13:04:03] "POST /Staff/user-login HTTP/1.1" 200 674 "-" "PostmanRuntime/7.37.3"
::1 - - [2024-04-Tu 13:04:13] "POST /Staff/user-login HTTP/1.1" 200 674 "-" "PostmanRuntime/7.37.3"
::1 - - [2024-04-Tu 13:04:20] "POST /Staff/user-login HTTP/1.1" 200 674 "-" "PostmanRuntime/7.37.3"
::1 - - [2024-04-Tu 13:04:36] "POST /Staff/create-expances/Staff_Id_1 HTTP/1.1" 500 229 "-" "PostmanRuntime/7.37.3"
::1 - - [2024-04-Tu 13:05:24] "POST /Staff/create-expances/Staff_Id_1 HTTP/1.1" 500 229 "-" "PostmanRuntime/7.37.3"
::1 - - [2024-04-Tu 13:06:39] "POST /Staff/create-expances/Staff_Id_1 HTTP/1.1" 500 229 "-" "PostmanRuntime/7.37.3"
::1 - - [2024-04-Tu 13:07:15] "POST /Staff/create-expances/Staff_Id_1 HTTP/1.1" 500 229 "-" "PostmanRuntime/7.37.3"
::1 - - [2024-04-Tu 13:09:53] "POST /Staff/create-expances/Staff_Id_1 HTTP/1.1" 500 229 "-" "PostmanRuntime/7.37.3"
::1 - - [2024-04-Tu 13:11:44] "POST /Staff/create-expances/Staff_Id_1 HTTP/1.1" 201 333 "-" "PostmanRuntime/7.37.3"
::1 - - [2024-04-Tu 13:17:41] "POST /Staff/create-expances/Staff_Id_1 HTTP/1.1" 201 330 "-" "PostmanRuntime/7.37.3"
::1 - - [2024-04-Tu 14:41:16] "GET /Staff/get-expances/:Staff_id HTTP/1.1" 500 268 "-" "PostmanRuntime/7.37.3"
::1 - - [2024-04-Tu 14:41:18] "GET /Staff/get-expances/:Staff_id HTTP/1.1" 500 268 "-" "PostmanRuntime/7.37.3"
::1 - - [2024-04-Tu 15:11:49] "GET /Staff/get-expances/:Staff_id HTTP/1.1" 500 268 "-" "PostmanRuntime/7.37.3"
::1 - - [2024-04-Tu 23:26:39] "POST /Staff/create-expances/Staff_Id_1 HTTP/1.1" 500 146 "-" "PostmanRuntime/7.37.3"
::1 - - [2024-04-Tu 23:26:46] "POST /Staff/user-login HTTP/1.1" 200 674 "-" "PostmanRuntime/7.37.3"
::1 - - [2024-04-Tu 23:27:08] "POST /Staff/create-expances/Staff_Id_1 HTTP/1.1" 500 229 "-" "PostmanRuntime/7.37.3"
::1 - - [2024-04-Tu 23:28:22] "POST /Staff/create-expances/661d66ef6ad26f4fc3b2781f HTTP/1.1" 500 229 "-" "PostmanRuntime/7.37.3"
::1 - - [2024-04-Tu 23:29:06] "POST /Staff/create-expances/661d66ef6ad26f4fc3b2781f HTTP/1.1" 500 229 "-" "PostmanRuntime/7.37.3"
::1 - - [2024-04-Tu 23:32:34] "POST /Staff/create-expances/661d66ef6ad26f4fc3b2781f HTTP/1.1" 500 229 "-" "PostmanRuntime/7.37.3"
::1 - - [2024-04-Tu 23:34:15] "POST /Staff/create-expances/661d66ef6ad26f4fc3b2781f HTTP/1.1" 500 229 "-" "PostmanRuntime/7.37.3"
::1 - - [2024-04-Tu 23:35:01] "POST /Staff/create-expances/661d66ef6ad26f4fc3b2781f HTTP/1.1" 201 662 "-" "PostmanRuntime/7.37.3"
::1 - - [2024-04-Tu 23:35:53] "POST /Staff/create-expances/661d66ef6ad26f4fc3b2781f HTTP/1.1" 500 229 "-" "PostmanRuntime/7.37.3"
::1 - - [2024-04-Tu 23:36:29] "GET /Staff/get-expances/:Staff_id HTTP/1.1" 500 268 "-" "PostmanRuntime/7.37.3"
::1 - - [2024-04-Tu 23:36:42] "POST /Staff/create-expances/661d66ef6ad26f4fc3b2781f HTTP/1.1" 500 229 "-" "PostmanRuntime/7.37.3"
::1 - - [2024-04-Tu 23:36:52] "POST /Staff/create-expances/661d66ef6ad26f4fc3b2781f HTTP/1.1" 201 662 "-" "PostmanRuntime/7.37.3"
::1 - - [2024-04-Tu 23:36:58] "POST /Staff/user-login HTTP/1.1" 200 674 "-" "PostmanRuntime/7.37.3"
::1 - - [2024-04-Tu 23:37:50] "GET /Staff/get-expances/Staff_Id_1 HTTP/1.1" 500 268 "-" "PostmanRuntime/7.37.3"
::1 - - [2024-04-Tu 23:41:58] "POST /Staff/create-expances/661d66ef6ad26f4fc3b2781f HTTP/1.1" 500 229 "-" "PostmanRuntime/7.37.3"
::1 - - [2024-04-Tu 23:42:10] "POST /Staff/create-expances/661d66ef6ad26f4fc3b2781f HTTP/1.1" 500 229 "-" "PostmanRuntime/7.37.3"
::1 - - [2024-04-Tu 23:42:42] "POST /Staff/create-expances/661d66ef6ad26f4fc3b2781f HTTP/1.1" 500 229 "-" "PostmanRuntime/7.37.3"
::1 - - [2024-04-Tu 23:42:49] "POST /Staff/create-expances/661d66ef6ad26f4fc3b2781f HTTP/1.1" 201 662 "-" "PostmanRuntime/7.37.3"
::1 - - [2024-04-Tu 23:44:47] "GET /Staff/get-expances/Staff_Id_1 HTTP/1.1" 404 191 "-" "PostmanRuntime/7.37.3"
::1 - - [2024-04-Tu 23:47:14] "GET /Staff/get-expances/661d66ef6ad26f4fc3b2781f HTTP/1.1" 200 544 "-" "PostmanRuntime/7.37.3"
::1 - - [2024-04-Tu 23:49:12] "GET /Staff/get-expances/:_id HTTP/1.1" 500 345 "-" "PostmanRuntime/7.37.3"
::1 - - [2024-04-Tu 23:49:16] "GET /Staff/get-expances/661d66ef6ad26f4fc3b2781f HTTP/1.1" 200 544 "-" "PostmanRuntime/7.37.3"
::1 - - [2024-04-Tu 23:49:34] "GET /Staff/get-expances/661d66ef6ad26f4fc3b2781f HTTP/1.1" 200 546 "-" "PostmanRuntime/7.37.3"
::1 - - [2024-04-We 21:46:43] "GET /Admin/google-login/ya29.a0Ad52N3_ny0TYT1XrFDKlSiI3k8j64w27OWahhjLAaWSKj9rJvKIhv6k-LKzaXntcSHUE8IM2n4xr3XCxbvC3BkTtRXvp-E8AarfRDuXsKxUzMdVlRdye_mFlAoPw4u3W3b5SqwBJn-s16ek4Lev7SzbcJYEFADdhhAaCgYKAVESARISFQHGX2MizlAYTRWVv3b7jFcvPafZQw0169 HTTP/1.1" 500 64 "-" "PostmanRuntime/7.37.3"
::1 - - [2024-04-We 21:48:02] "GET /Admin/google-login/ya29.a0Ad52N3_ny0TYT1XrFDKlSiI3k8j64w27OWahhjLAaWSKj9rJvKIhv6k-LKzaXntcSHUE8IM2n4xr3XCxbvC3BkTtRXvp-E8AarfRDuXsKxUzMdVlRdye_mFlAoPw4u3W3b5SqwBJn-s16ek4Lev7SzbcJYEFADdhhAaCgYKAVESARISFQHGX2MizlAYTRWVv3b7jFcvPafZQw0169 HTTP/1.1" 500 64 "-" "PostmanRuntime/7.37.3"
::1 - - [2024-04-We 21:49:15] "GET /Admin/google-login/ya29.a0Ad52N3_ny0TYT1XrFDKlSiI3k8j64w27OWahhjLAaWSKj9rJvKIhv6k-LKzaXntcSHUE8IM2n4xr3XCxbvC3BkTtRXvp-E8AarfRDuXsKxUzMdVlRdye_mFlAoPw4u3W3b5SqwBJn-s16ek4Lev7SzbcJYEFADdhhAaCgYKAVESARISFQHGX2MizlAYTRWVv3b7jFcvPafZQw0169 HTTP/1.1" 500 64 "-" "PostmanRuntime/7.37.3"
::1 - - [2024-04-We 21:50:18] "GET /Admin/google-login/ya29.a0Ad52N3_ny0TYT1XrFDKlSiI3k8j64w27OWahhjLAaWSKj9rJvKIhv6k-LKzaXntcSHUE8IM2n4xr3XCxbvC3BkTtRXvp-E8AarfRDuXsKxUzMdVlRdye_mFlAoPw4u3W3b5SqwBJn-s16ek4Lev7SzbcJYEFADdhhAaCgYKAVESARISFQHGX2MizlAYTRWVv3b7jFcvPafZQw0169 HTTP/1.1" 500 64 "-" "PostmanRuntime/7.37.3"
::1 - - [2024-04-We 21:51:40] "GET /Admin/google-login/ya29.a0Ad52N3_ny0TYT1XrFDKlSiI3k8j64w27OWahhjLAaWSKj9rJvKIhv6k-LKzaXntcSHUE8IM2n4xr3XCxbvC3BkTtRXvp-E8AarfRDuXsKxUzMdVlRdye_mFlAoPw4u3W3b5SqwBJn-s16ek4Lev7SzbcJYEFADdhhAaCgYKAVESARISFQHGX2MizlAYTRWVv3b7jFcvPafZQw0169 HTTP/1.1" 500 82 "-" "PostmanRuntime/7.37.3"
::1 - - [2024-04-We 21:52:19] "GET /Admin/google-login/ya29.a0Ad52N3_ny0TYT1XrFDKlSiI3k8j64w27OWahhjLAaWSKj9rJvKIhv6k-LKzaXntcSHUE8IM2n4xr3XCxbvC3BkTtRXvp-E8AarfRDuXsKxUzMdVlRdye_mFlAoPw4u3W3b5SqwBJn-s16ek4Lev7SzbcJYEFADdhhAaCgYKAVESARISFQHGX2MizlAYTRWVv3b7jFcvPafZQw0169 HTTP/1.1" 500 64 "-" "PostmanRuntime/7.37.3"
::1 - - [2024-04-We 21:53:05] "GET /Admin/google-login/ya29.a0Ad52N3_ny0TYT1XrFDKlSiI3k8j64w27OWahhjLAaWSKj9rJvKIhv6k-LKzaXntcSHUE8IM2n4xr3XCxbvC3BkTtRXvp-E8AarfRDuXsKxUzMdVlRdye_mFlAoPw4u3W3b5SqwBJn-s16ek4Lev7SzbcJYEFADdhhAaCgYKAVESARISFQHGX2MizlAYTRWVv3b7jFcvPafZQw0169 HTTP/1.1" 500 64 "-" "PostmanRuntime/7.37.3"
::1 - - [2024-04-We 21:59:47] "GET /Admin/google-login/ya29.a0Ad52N3_ny0TYT1XrFDKlSiI3k8j64w27OWahhjLAaWSKj9rJvKIhv6k-LKzaXntcSHUE8IM2n4xr3XCxbvC3BkTtRXvp-E8AarfRDuXsKxUzMdVlRdye_mFlAoPw4u3W3b5SqwBJn-s16ek4Lev7SzbcJYEFADdhhAaCgYKAVESARISFQHGX2MizlAYTRWVv3b7jFcvPafZQw0169 HTTP/1.1" 500 41 "-" "PostmanRuntime/7.37.3"
::1 - - [2024-04-We 22:00:39] "GET /Admin/google-login/%22ya29.a0Ad52N38cnOxFuIN07KGfibzoEWE_QzMoPFuQXuwiUB7LF2-TruWP5VfTUe6NgoTiOWZqOnIJaPRkdyAZPPYw45cl4SsJCe37tlcBh9Ol7DkZ30YpOoJVAHD8PUf66zA3F5mhJ65vOhSEzKy8D8qPLXTcy_WWtOc4OwaCgYKARESARISFQHGX2MioS3X0T74UbK03_OUrQ20_A0169%22 HTTP/1.1" 500 41 "-" "PostmanRuntime/7.37.3"
::1 - - [2024-04-We 22:00:52] "GET /Admin/google-login/ya29.a0Ad52N38cnOxFuIN07KGfibzoEWE_QzMoPFuQXuwiUB7LF2-TruWP5VfTUe6NgoTiOWZqOnIJaPRkdyAZPPYw45cl4SsJCe37tlcBh9Ol7DkZ30YpOoJVAHD8PUf66zA3F5mhJ65vOhSEzKy8D8qPLXTcy_WWtOc4OwaCgYKARESARISFQHGX2MioS3X0T74UbK03_OUrQ20_A0169 HTTP/1.1" 500 41 "-" "PostmanRuntime/7.37.3"
::1 - - [2024-04-We 22:04:39] "GET /Admin/google-login/ya29.a0Ad52N38cnOxFuIN07KGfibzoEWE_QzMoPFuQXuwiUB7LF2-TruWP5VfTUe6NgoTiOWZqOnIJaPRkdyAZPPYw45cl4SsJCe37tlcBh9Ol7DkZ30YpOoJVAHD8PUf66zA3F5mhJ65vOhSEzKy8D8qPLXTcy_WWtOc4OwaCgYKARESARISFQHGX2MioS3X0T74UbK03_OUrQ20_A0169 HTTP/1.1" 500 56 "-" "PostmanRuntime/7.37.3"
::1 - - [2024-04-We 22:06:44] "GET /Admin/google-login/ya29.a0Ad52N39A74aDHLqnzibVv-ebSJv9ulqNZedU-xz1hBPL7DhajttpMjLrz_ZgIg-1RDosZXkoV0ys8QR26eZb-JYx4aNPT2ob7o3GTPXGTQFJLfJoBEzCWRz_cEQgTo6UL0q1-kAh9ieFf3bSyCMSVOvoK6C3R-HnTAaCgYKAScSARISFQHGX2MiyMf5s8mikt8NN1kF6sfztg0169 HTTP/1.1" 500 56 "-" "PostmanRuntime/7.37.3"
::1 - - [2024-04-We 22:14:22] "GET /Admin/google-login/ya29.a0Ad52N39A74aDHLqnzibVv-ebSJv9ulqNZedU-xz1hBPL7DhajttpMjLrz_ZgIg-1RDosZXkoV0ys8QR26eZb-JYx4aNPT2ob7o3GTPXGTQFJLfJoBEzCWRz_cEQgTo6UL0q1-kAh9ieFf3bSyCMSVOvoK6C3R-HnTAaCgYKAScSARISFQHGX2MiyMf5s8mikt8NN1kF6sfztg0169 HTTP/1.1" 500 56 "-" "PostmanRuntime/7.37.3"
::1 - - [2024-04-We 22:14:59] "GET /Admin/google-login/ya29.a0Ad52N39A74aDHLqnzibVv-ebSJv9ulqNZedU-xz1hBPL7DhajttpMjLrz_ZgIg-1RDosZXkoV0ys8QR26eZb-JYx4aNPT2ob7o3GTPXGTQFJLfJoBEzCWRz_cEQgTo6UL0q1-kAh9ieFf3bSyCMSVOvoK6C3R-HnTAaCgYKAScSARISFQHGX2MiyMf5s8mikt8NN1kF6sfztg0169 HTTP/1.1" 500 56 "-" "PostmanRuntime/7.37.3"
::1 - - [2024-04-We 22:21:44] "GET /Admin/google-login/ya29.a0Ad52N39A74aDHLqnzibVv-ebSJv9ulqNZedU-xz1hBPL7DhajttpMjLrz_ZgIg-1RDosZXkoV0ys8QR26eZb-JYx4aNPT2ob7o3GTPXGTQFJLfJoBEzCWRz_cEQgTo6UL0q1-kAh9ieFf3bSyCMSVOvoK6C3R-HnTAaCgYKAScSARISFQHGX2MiyMf5s8mikt8NN1kF6sfztg0169 HTTP/1.1" 500 77 "-" "PostmanRuntime/7.37.3"
::1 - - [2024-04-We 22:22:42] "GET /Admin/google-login/ya29.a0Ad52N39A74aDHLqnzibVv-ebSJv9ulqNZedU-xz1hBPL7DhajttpMjLrz_ZgIg-1RDosZXkoV0ys8QR26eZb-JYx4aNPT2ob7o3GTPXGTQFJLfJoBEzCWRz_cEQgTo6UL0q1-kAh9ieFf3bSyCMSVOvoK6C3R-HnTAaCgYKAScSARISFQHGX2MiyMf5s8mikt8NN1kF6sfztg0169 HTTP/1.1" 500 32 "-" "PostmanRuntime/7.37.3"
::1 - - [2024-04-We 22:25:25] "GET /Admin/google-login/ya29.a0Ad52N39A74aDHLqnzibVv-ebSJv9ulqNZedU-xz1hBPL7DhajttpMjLrz_ZgIg-1RDosZXkoV0ys8QR26eZb-JYx4aNPT2ob7o3GTPXGTQFJLfJoBEzCWRz_cEQgTo6UL0q1-kAh9ieFf3bSyCMSVOvoK6C3R-HnTAaCgYKAScSARISFQHGX2MiyMf5s8mikt8NN1kF6sfztg0169 HTTP/1.1" 500 32 "-" "PostmanRuntime/7.37.3"
::1 - - [2024-04-We 22:26:46] "GET /Admin/google-login/ya29.a0Ad52N39A74aDHLqnzibVv-ebSJv9ulqNZedU-xz1hBPL7DhajttpMjLrz_ZgIg-1RDosZXkoV0ys8QR26eZb-JYx4aNPT2ob7o3GTPXGTQFJLfJoBEzCWRz_cEQgTo6UL0q1-kAh9ieFf3bSyCMSVOvoK6C3R-HnTAaCgYKAScSARISFQHGX2MiyMf5s8mikt8NN1kF6sfztg0169 HTTP/1.1" 200 0 "-" "PostmanRuntime/7.37.3"
::1 - - [2024-04-We 22:31:02] "GET /Admin/google-login/ya29.a0Ad52N39A74aDHLqnzibVv-ebSJv9ulqNZedU-xz1hBPL7DhajttpMjLrz_ZgIg-1RDosZXkoV0ys8QR26eZb-JYx4aNPT2ob7o3GTPXGTQFJLfJoBEzCWRz_cEQgTo6UL0q1-kAh9ieFf3bSyCMSVOvoK6C3R-HnTAaCgYKAScSARISFQHGX2MiyMf5s8mikt8NN1kF6sfztg0169 HTTP/1.1" 200 0 "-" "PostmanRuntime/7.37.3"
::1 - - [2024-04-We 22:31:43] "GET /Admin/google-login/ya29.a0Ad52N39A74aDHLqnzibVv-ebSJv9ulqNZedU-xz1hBPL7DhajttpMjLrz_ZgIg-1RDosZXkoV0ys8QR26eZb-JYx4aNPT2ob7o3GTPXGTQFJLfJoBEzCWRz_cEQgTo6UL0q1-kAh9ieFf3bSyCMSVOvoK6C3R-HnTAaCgYKAScSARISFQHGX2MiyMf5s8mikt8NN1kF6sfztg0169 HTTP/1.1" 200 0 "-" "PostmanRuntime/7.37.3"
