::1 - - [15/Apr/2024:17:06:34 +0000] "GET / HTTP/1.1" 304 - "-" "Mozilla/5.0 (Windows NT 10.0; Win64; x64) AppleWebKit/537.36 (KHTML, like Gecko) Chrome/123.0.0.0 Safari/537.36"
::1 - - [15/Apr/2024:17:07:30 +0000] "POST /Admin/admin-login HTTP/1.1" 200 639 "-" "PostmanRuntime/7.37.3"
yyyy-04-Mo 22:44:38 POST /Admin/admin-login 200 68.653 ms
yyyy-04-Mo 22:47:53 POST /Admin/admin-login 200 61.765 ms
yyyy-04-Mo 22:49:09 POST /Admin/admin-login 200 62.294 ms
yyyy-04-Mo 22:50:35 POST /Admin/admin-login 200 60.719 ms
2024-04-Mo 22:51:44 POST /Admin/admin-login 200 60.995 ms
2024-04-Mo 22:58:39 POST /Admin/admin-login 200 62.998 ms
2024-04-Mo 22:59:51 POST /Admin/admin-login 200 61.688 ms
2024-04-Mo 23:02:18 POST /Admin/admin-login 200 62.370 ms
::1 - - [2024-04-Mo 23:07:31] "POST /Admin/admin-login HTTP/1.1" 200 639 "-" "PostmanRuntime/7.37.3"
::1 - - [2024-04-Mo 23:07:52] "GET / HTTP/1.1" 304 - "-" "Mozilla/5.0 (Windows NT 10.0; Win64; x64) AppleWebKit/537.36 (KHTML, like Gecko) Chrome/123.0.0.0 Safari/537.36"
::1 - - [2024-04-Mo 23:10:41] "POST /Admin/user-login HTTP/1.1" 200 639 "-" "PostmanRuntime/7.37.3"
::1 - - [2024-04-Mo 23:11:34] "POST /Admin/create-user HTTP/1.1" 500 146 "-" "PostmanRuntime/7.37.3"
::1 - - [2024-04-Mo 23:11:41] "POST /Admin/admin-login HTTP/1.1" 200 639 "-" "PostmanRuntime/7.37.3"
::1 - - [2024-04-Mo 23:12:07] "POST /Admin/create-user HTTP/1.1" 201 454 "-" "PostmanRuntime/7.37.3"
::1 - - [2024-04-Mo 23:12:31] "POST /Admin/user-login HTTP/1.1" 200 617 "-" "PostmanRuntime/7.37.3"
::1 - - [2024-04-Mo 23:13:28] "POST /Admin/user-login HTTP/1.1" 200 617 "-" "PostmanRuntime/7.37.3"
::1 - - [2024-04-Mo 23:14:00] "POST /Admin/user-login HTTP/1.1" 200 617 "-" "PostmanRuntime/7.37.3"
::1 - - [2024-04-Tu 11:57:39] "POST /Staff/user-login HTTP/1.1" 200 617 "-" "PostmanRuntime/7.37.3"
::1 - - [2024-04-Tu 11:57:46] "POST /Admin/user-login HTTP/1.1" 404 156 "-" "PostmanRuntime/7.37.3"
::1 - - [2024-04-Tu 11:57:52] "POST /Staff/user-login HTTP/1.1" 200 617 "-" "PostmanRuntime/7.37.3"
::1 - - [2024-04-Tu 12:26:49] "POST /Admin/create-expances/Staff_Id_1 HTTP/1.1" 404 172 "-" "PostmanRuntime/7.37.3"
::1 - - [2024-04-Tu 12:27:01] "POST /Staff/create-expances/Staff_Id_1 HTTP/1.1" 404 172 "-" "PostmanRuntime/7.37.3"
::1 - - [2024-04-Tu 12:27:46] "POST /Staff/create-expances/Staff_Id_1 HTTP/1.1" 500 146 "-" "PostmanRuntime/7.37.3"
::1 - - [2024-04-Tu 12:27:59] "POST /Staff/user-login HTTP/1.1" 200 617 "-" "PostmanRuntime/7.37.3"
::1 - - [2024-04-Tu 12:42:38] "POST /Staff/create-expances/Staff_Id_1 HTTP/1.1" 500 146 "-" "PostmanRuntime/7.37.3"
::1 - - [2024-04-Tu 12:42:40] "POST /Staff/create-expances/Staff_Id_1 HTTP/1.1" 500 146 "-" "PostmanRuntime/7.37.3"
::1 - - [2024-04-Tu 12:44:03] "POST /Staff/create-expances/Staff_Id_1 HTTP/1.1" 500 229 "-" "PostmanRuntime/7.37.3"
::1 - - [2024-04-Tu 12:45:38] "POST /Staff/create-expances/Staff_Id_1 HTTP/1.1" 500 229 "-" "PostmanRuntime/7.37.3"
::1 - - [2024-04-Tu 12:47:05] "POST /Staff/create-expances/Staff_Id_1 HTTP/1.1" 500 229 "-" "PostmanRuntime/7.37.3"
::1 - - [2024-04-Tu 12:47:32] "POST /Staff/create-expances/Staff_Id_1 HTTP/1.1" 500 229 "-" "PostmanRuntime/7.37.3"
::1 - - [2024-04-Tu 12:47:56] "POST /Staff/create-expances/Staff_Id_1 HTTP/1.1" 500 229 "-" "PostmanRuntime/7.37.3"
::1 - - [2024-04-Tu 12:49:12] "POST /Staff/user-login HTTP/1.1" 200 617 "-" "PostmanRuntime/7.37.3"
::1 - - [2024-04-Tu 12:49:32] "POST /Staff/create-expances/Staff_Id_1 HTTP/1.1" 500 229 "-" "PostmanRuntime/7.37.3"
::1 - - [2024-04-Tu 12:54:03] "POST /Staff/create-expances/Staff_Id_1 HTTP/1.1" 500 229 "-" "PostmanRuntime/7.37.3"
::1 - - [2024-04-Tu 12:55:07] "POST /Staff/user-login HTTP/1.1" 200 669 "-" "PostmanRuntime/7.37.3"
::1 - - [2024-04-Tu 12:55:25] "POST /Staff/create-expances/Staff_Id_1 HTTP/1.1" 500 229 "-" "PostmanRuntime/7.37.3"
::1 - - [2024-04-Tu 12:56:07] "POST /Staff/user-login HTTP/1.1" 200 674 "-" "PostmanRuntime/7.37.3"
::1 - - [2024-04-Tu 13:04:03] "POST /Staff/user-login HTTP/1.1" 200 674 "-" "PostmanRuntime/7.37.3"
::1 - - [2024-04-Tu 13:04:13] "POST /Staff/user-login HTTP/1.1" 200 674 "-" "PostmanRuntime/7.37.3"
::1 - - [2024-04-Tu 13:04:20] "POST /Staff/user-login HTTP/1.1" 200 674 "-" "PostmanRuntime/7.37.3"
::1 - - [2024-04-Tu 13:04:36] "POST /Staff/create-expances/Staff_Id_1 HTTP/1.1" 500 229 "-" "PostmanRuntime/7.37.3"
::1 - - [2024-04-Tu 13:05:24] "POST /Staff/create-expances/Staff_Id_1 HTTP/1.1" 500 229 "-" "PostmanRuntime/7.37.3"
::1 - - [2024-04-Tu 13:06:39] "POST /Staff/create-expances/Staff_Id_1 HTTP/1.1" 500 229 "-" "PostmanRuntime/7.37.3"
::1 - - [2024-04-Tu 13:07:15] "POST /Staff/create-expances/Staff_Id_1 HTTP/1.1" 500 229 "-" "PostmanRuntime/7.37.3"
::1 - - [2024-04-Tu 13:09:53] "POST /Staff/create-expances/Staff_Id_1 HTTP/1.1" 500 229 "-" "PostmanRuntime/7.37.3"
::1 - - [2024-04-Tu 13:11:44] "POST /Staff/create-expances/Staff_Id_1 HTTP/1.1" 201 333 "-" "PostmanRuntime/7.37.3"
::1 - - [2024-04-Tu 13:17:41] "POST /Staff/create-expances/Staff_Id_1 HTTP/1.1" 201 330 "-" "PostmanRuntime/7.37.3"
::1 - - [2024-04-Tu 14:41:16] "GET /Staff/get-expances/:Staff_id HTTP/1.1" 500 268 "-" "PostmanRuntime/7.37.3"
::1 - - [2024-04-Tu 14:41:18] "GET /Staff/get-expances/:Staff_id HTTP/1.1" 500 268 "-" "PostmanRuntime/7.37.3"
::1 - - [2024-04-Tu 15:11:49] "GET /Staff/get-expances/:Staff_id HTTP/1.1" 500 268 "-" "PostmanRuntime/7.37.3"
